1773469330.714020 client started (99345): version 3.5a, socket /private/tmp/tmux-502/default, protocol 8
1773469330.714070 on Darwin 25.2.0 Darwin Kernel Version 25.2.0: Tue Nov 18 21:09:56 PST 2025; root:xnu-12377.61.12~1/RELEASE_ARM64_T6041
1773469330.714083 using libevent 2.1.12-stable select
1773469330.714302 using utf8proc 2.9.0
1773469330.714522 using ncurses 6.5 20240427
1773469330.714815 flags are 0x10010000
1773469330.714836 socket is /private/tmp/tmux-502/default
1773469330.714857 trying connect
1773469330.714948 add peer 0x7f91c0008000: 6 (0x0)
1773469330.715263 sending message 111 to peer 0x7f91c0008000 (8 bytes)
1773469330.715278 sending message 111 to peer 0x7f91c0008000 (8 bytes)
1773469330.715283 sending message 101 to peer 0x7f91c0008000 (10 bytes)
1773469330.715288 sending message 109 to peer 0x7f91c0008000 (4 bytes)
1773469330.715292 sending message 102 to peer 0x7f91c0008000 (1 bytes)
1773469330.715296 sending message 108 to peer 0x7f91c0008000 (37 bytes)
1773469330.715302 sending message 104 to peer 0x7f91c0008000 (0 bytes)
1773469330.715306 sending message 110 to peer 0x7f91c0008000 (0 bytes)
1773469330.715310 sending message 107 to peer 0x7f91c0008000 (4 bytes)
1773469330.715314 sending message 105 to peer 0x7f91c0008000 (61 bytes)
1773469330.715319 sending message 105 to peer 0x7f91c0008000 (61 bytes)
1773469330.715323 sending message 105 to peer 0x7f91c0008000 (18 bytes)
1773469330.715327 sending message 105 to peer 0x7f91c0008000 (19 bytes)
1773469330.715330 sending message 105 to peer 0x7f91c0008000 (15 bytes)
1773469330.715334 sending message 105 to peer 0x7f91c0008000 (15 bytes)
1773469330.715337 sending message 105 to peer 0x7f91c0008000 (57 bytes)
1773469330.715341 sending message 105 to peer 0x7f91c0008000 (40 bytes)
1773469330.715344 sending message 105 to peer 0x7f91c0008000 (70 bytes)
1773469330.715348 sending message 105 to peer 0x7f91c0008000 (26 bytes)
1773469330.715351 sending message 105 to peer 0x7f91c0008000 (21 bytes)
1773469330.715354 sending message 105 to peer 0x7f91c0008000 (28 bytes)
1773469330.715358 sending message 105 to peer 0x7f91c0008000 (33 bytes)
1773469330.715361 sending message 105 to peer 0x7f91c0008000 (11 bytes)
1773469330.715365 sending message 105 to peer 0x7f91c0008000 (96 bytes)
1773469330.715371 sending message 105 to peer 0x7f91c0008000 (22 bytes)
1773469330.715375 sending message 105 to peer 0x7f91c0008000 (87 bytes)
1773469330.715378 sending message 105 to peer 0x7f91c0008000 (66 bytes)
1773469330.715382 sending message 105 to peer 0x7f91c0008000 (83 bytes)
1773469330.715385 sending message 105 to peer 0x7f91c0008000 (38 bytes)
1773469330.715388 sending message 105 to peer 0x7f91c0008000 (11 bytes)
1773469330.715392 sending message 105 to peer 0x7f91c0008000 (43 bytes)
1773469330.715395 sending message 105 to peer 0x7f91c0008000 (32 bytes)
1773469330.715399 sending message 105 to peer 0x7f91c0008000 (34 bytes)
1773469330.715403 sending message 105 to peer 0x7f91c0008000 (1125 bytes)
1773469330.715413 sending message 105 to peer 0x7f91c0008000 (22 bytes)
1773469330.715423 sending message 105 to peer 0x7f91c0008000 (54 bytes)
1773469330.715427 sending message 105 to peer 0x7f91c0008000 (35 bytes)
1773469330.715430 sending message 105 to peer 0x7f91c0008000 (41 bytes)
1773469330.715434 sending message 105 to peer 0x7f91c0008000 (93 bytes)
1773469330.715437 sending message 105 to peer 0x7f91c0008000 (11 bytes)
1773469330.715441 sending message 105 to peer 0x7f91c0008000 (13 bytes)
1773469330.715444 sending message 105 to peer 0x7f91c0008000 (14 bytes)
1773469330.715447 sending message 105 to peer 0x7f91c0008000 (14 bytes)
1773469330.715451 sending message 105 to peer 0x7f91c0008000 (34 bytes)
1773469330.715454 sending message 105 to peer 0x7f91c0008000 (19 bytes)
1773469330.715458 sending message 105 to peer 0x7f91c0008000 (8 bytes)
1773469330.715461 sending message 105 to peer 0x7f91c0008000 (18 bytes)
1773469330.715464 sending message 105 to peer 0x7f91c0008000 (27 bytes)
1773469330.715468 sending message 105 to peer 0x7f91c0008000 (14 bytes)
1773469330.715479 sending message 105 to peer 0x7f91c0008000 (8 bytes)
1773469330.715489 sending message 105 to peer 0x7f91c0008000 (11 bytes)
1773469330.715492 sending message 105 to peer 0x7f91c0008000 (32 bytes)
1773469330.715495 sending message 105 to peer 0x7f91c0008000 (15 bytes)
1773469330.715497 sending message 105 to peer 0x7f91c0008000 (53 bytes)
1773469330.715500 sending message 105 to peer 0x7f91c0008000 (94 bytes)
1773469330.715504 sending message 105 to peer 0x7f91c0008000 (85 bytes)
1773469330.715507 sending message 105 to peer 0x7f91c0008000 (57 bytes)
1773469330.715510 sending message 105 to peer 0x7f91c0008000 (34 bytes)
1773469330.715513 sending message 105 to peer 0x7f91c0008000 (18 bytes)
1773469330.715516 sending message 105 to peer 0x7f91c0008000 (24 bytes)
1773469330.715518 sending message 105 to peer 0x7f91c0008000 (20 bytes)
1773469330.715521 sending message 106 to peer 0x7f91c0008000 (0 bytes)
1773469330.715550 sending message 200 to peer 0x7f91c0008000 (4 bytes)
1773469330.715555 client loop enter
1773469330.715701 client loop exit
